<?xml version="1.0" encoding="UTF-8"?>
<!-- Generated by org.testng.reporters.JUnitReportReporter -->
<testsuite skipped="0" hostname="PRASANNAAN" name="practiceNG.test1" tests="1" failures="0" timestamp="04 Feb 2019 10:31:33 GMT" time="0.006" errors="0">
  <testcase name="f" time="0.006" classname="practiceNG.test1"/>
</testsuite> <!-- practiceNG.test1 -->
