<?xml version="1.0" encoding="UTF-8"?>
<!-- Generated by org.testng.reporters.JUnitReportReporter -->
<testsuite skipped="0" hostname="PRASANNAAN" name="practiceNG.test1" tests="1" failures="0" timestamp="07 Jan 2019 10:35:37 GMT" time="0.004" errors="0">
  <testcase name="f" time="0.004" classname="practiceNG.test1"/>
</testsuite> <!-- practiceNG.test1 -->
