<?xml version="1.0" encoding="UTF-8"?>
<!-- Generated by org.testng.reporters.JUnitReportReporter -->
<testsuite skipped="0" hostname="PRASANNAAN" name="com.maven.test.com.maven.practice.MavenClass" tests="26" failures="0" timestamp="29 Jan 2019 06:44:35 GMT" time="0.032" errors="0">
  <testcase name="run4" time="0.000" classname="com.maven.test.com.maven.practice.MavenClass"/>
  <testcase name="run2" time="0.001" classname="com.maven.test.com.maven.practice.MavenClass"/>
  <testcase name="run3" time="0.001" classname="com.maven.test.com.maven.practice.MavenClass"/>
  <testcase name="run3" time="0.000" classname="com.maven.test.com.maven.practice.MavenClass"/>
  <testcase name="run4" time="0.001" classname="com.maven.test.com.maven.practice.MavenClass"/>
  <testcase name="run3" time="0.000" classname="com.maven.test.com.maven.practice.MavenClass"/>
  <testcase name="run3" time="0.000" classname="com.maven.test.com.maven.practice.MavenClass"/>
  <testcase name="run4" time="0.000" classname="com.maven.test.com.maven.practice.MavenClass"/>
  <testcase name="run3" time="0.001" classname="com.maven.test.com.maven.practice.MavenClass"/>
  <testcase name="run0" time="0.017" classname="com.maven.test.com.maven.practice.MavenClass"/>
  <testcase name="run3" time="0.000" classname="com.maven.test.com.maven.practice.MavenClass"/>
  <testcase name="run1" time="0.000" classname="com.maven.test.com.maven.practice.MavenClass"/>
  <testcase name="run3" time="0.000" classname="com.maven.test.com.maven.practice.MavenClass"/>
  <testcase name="run4" time="0.000" classname="com.maven.test.com.maven.practice.MavenClass"/>
  <testcase name="run4" time="0.000" classname="com.maven.test.com.maven.practice.MavenClass"/>
  <testcase name="run2" time="0.001" classname="com.maven.test.com.maven.practice.MavenClass"/>
  <testcase name="run3" time="0.000" classname="com.maven.test.com.maven.practice.MavenClass"/>
  <testcase name="nut" time="0.002" classname="com.maven.test.com.maven.practice.MavenClass"/>
  <testcase name="run4" time="0.000" classname="com.maven.test.com.maven.practice.MavenClass"/>
  <testcase name="run4" time="0.001" classname="com.maven.test.com.maven.practice.MavenClass"/>
  <testcase name="run4" time="0.002" classname="com.maven.test.com.maven.practice.MavenClass"/>
  <testcase name="run4" time="0.001" classname="com.maven.test.com.maven.practice.MavenClass"/>
  <testcase name="run0" time="0.002" classname="com.maven.test.com.maven.practice.MavenClass"/>
  <testcase name="run3" time="0.001" classname="com.maven.test.com.maven.practice.MavenClass"/>
  <testcase name="run3" time="0.001" classname="com.maven.test.com.maven.practice.MavenClass"/>
  <testcase name="run4" time="0.000" classname="com.maven.test.com.maven.practice.MavenClass"/>
</testsuite> <!-- com.maven.test.com.maven.practice.MavenClass -->
