<?xml version="1.0" encoding="UTF-8"?>
<!-- Generated by org.testng.reporters.JUnitReportReporter -->
<testsuite hostname="Prasannas-MacBook-Pro.local" failures="0" tests="1" name="com.enterpriseBot.test.TS4TC01" time="76.138" errors="0" timestamp="28 Feb 2019 19:40:40 GMT" skipped="0">
  <testcase classname="com.enterpriseBot.test.TS4TC01" name="dashboard" time="76.138"/>
</testsuite> <!-- com.enterpriseBot.test.TS4TC01 -->
