<?xml version="1.0" encoding="UTF-8"?>
<!-- Generated by org.testng.reporters.JUnitReportReporter -->
<testsuite skipped="0" hostname="PRASANNAAN" name="com.enterpriseBot.test.TS4TC01" tests="1" failures="0" timestamp="04 Mar 2019 07:08:25 GMT" time="109.689" errors="0">
  <testcase name="dashboard" time="109.689" classname="com.enterpriseBot.test.TS4TC01"/>
</testsuite> <!-- com.enterpriseBot.test.TS4TC01 -->
