<?xml version="1.0" encoding="UTF-8"?>
<!-- Generated by org.testng.reporters.JUnitReportReporter -->
<testsuite skipped="0" hostname="PRASANNAAN" name="com.enterpriseBot.test.TS4TC01" tests="1" failures="0" timestamp="04 Mar 2019 10:27:15 GMT" time="41.123" errors="0">
  <testcase name="dashboard" time="41.123" classname="com.enterpriseBot.test.TS4TC01"/>
</testsuite> <!-- com.enterpriseBot.test.TS4TC01 -->
