<?xml version="1.0" encoding="UTF-8"?>
<!-- Generated by org.testng.reporters.JUnitReportReporter -->
<testsuite skipped="0" hostname="PRASANNAAN" name="ExcelFilter.Compare2Files" tests="1" failures="0" timestamp="25 Feb 2019 08:23:24 GMT" time="1.343" errors="0">
  <testcase name="comparename" time="1.343" classname="ExcelFilter.Compare2Files"/>
</testsuite> <!-- ExcelFilter.Compare2Files -->
