<?xml version="1.0" encoding="UTF-8"?>
<!-- Generated by org.testng.reporters.JUnitReportReporter -->
<testsuite skipped="0" hostname="PRASANNAAN" name="com.practiceAny.maven.FileInput1" tests="3" failures="0" timestamp="25 Feb 2019 07:27:16 GMT" time="1.473" errors="0">
  <testcase name="fileInput" time="1.329" classname="com.practiceAny.maven.FileInput1"/>
  <testcase name="retrivedata" time="0.034" classname="com.practiceAny.maven.FileInput1"/>
  <testcase name="write" time="0.110" classname="com.practiceAny.maven.FileInput1"/>
</testsuite> <!-- com.practiceAny.maven.FileInput1 -->
