<?xml version="1.0" encoding="UTF-8"?>
<!-- Generated by org.testng.reporters.JUnitReportReporter -->
<testsuite hostname="Prasannas-MacBook-Pro.local" failures="0" tests="1" name="com.practiceAny.maven.Filter2Files" time="5.310" errors="0" timestamp="06 Mar 2019 17:52:54 GMT" skipped="0">
  <testcase classname="com.practiceAny.maven.Filter2Files" name="eachFile" time="5.310"/>
</testsuite> <!-- com.practiceAny.maven.Filter2Files -->
