<?xml version="1.0" encoding="UTF-8"?>
<!-- Generated by org.testng.reporters.JUnitReportReporter -->
<testsuite skipped="0" hostname="PRASANNAAN" name="com.practiceAny.maven.RetriveData" tests="1" failures="0" timestamp="18 Feb 2019 08:37:47 GMT" time="0.383" errors="0">
  <testcase name="write" time="0.383" classname="com.practiceAny.maven.RetriveData"/>
</testsuite> <!-- com.practiceAny.maven.RetriveData -->
