<?xml version="1.0" encoding="UTF-8"?>
<!-- Generated by org.testng.reporters.JUnitReportReporter -->
<testsuite skipped="0" hostname="PRASANNAAN" name="com.practiceAny.maven.RetriveData" tests="10" failures="0" timestamp="14 Feb 2019 14:05:20 GMT" time="0.501" errors="0">
  <testcase name="retrivedata" time="0.024" classname="com.practiceAny.maven.RetriveData"/>
  <testcase name="retrivedata" time="0.015" classname="com.practiceAny.maven.RetriveData"/>
  <testcase name="retrivedata" time="0.069" classname="com.practiceAny.maven.RetriveData"/>
  <testcase name="retrivedata" time="0.047" classname="com.practiceAny.maven.RetriveData"/>
  <testcase name="retrivedata" time="0.230" classname="com.practiceAny.maven.RetriveData"/>
  <testcase name="retrivedata" time="0.022" classname="com.practiceAny.maven.RetriveData"/>
  <testcase name="retrivedata" time="0.019" classname="com.practiceAny.maven.RetriveData"/>
  <testcase name="retrivedata" time="0.023" classname="com.practiceAny.maven.RetriveData"/>
  <testcase name="retrivedata" time="0.029" classname="com.practiceAny.maven.RetriveData"/>
  <testcase name="retrivedata" time="0.023" classname="com.practiceAny.maven.RetriveData"/>
</testsuite> <!-- com.practiceAny.maven.RetriveData -->
