<?xml version="1.0" encoding="UTF-8"?>
<!-- Generated by org.testng.reporters.JUnitReportReporter -->
<testsuite skipped="0" hostname="PRASANNAAN" name="com.practiceAny.maven.FileInput2" tests="2" failures="0" timestamp="25 Feb 2019 07:39:12 GMT" time="0.638" errors="0">
  <testcase name="fileInput" time="0.594" classname="com.practiceAny.maven.FileInput2"/>
  <testcase name="retrivedata" time="0.044" classname="com.practiceAny.maven.FileInput2"/>
</testsuite> <!-- com.practiceAny.maven.FileInput2 -->
