<?xml version="1.0" encoding="UTF-8"?>
<!-- Generated by org.testng.reporters.JUnitReportReporter -->
<testsuite skipped="0" hostname="PRASANNAAN" name="com.practiceAny.maven.RetriveData" tests="1" failures="0" timestamp="13 Feb 2019 12:49:09 GMT" time="0.228" errors="0">
  <testcase name="retrivedata" time="0.228" classname="com.practiceAny.maven.RetriveData"/>
</testsuite> <!-- com.practiceAny.maven.RetriveData -->
