<?xml version="1.0" encoding="UTF-8"?>
<!-- Generated by org.testng.reporters.JUnitReportReporter -->
<testsuite skipped="0" hostname="PRASANNAAN" name="ExcelFilter.FileInput2" tests="1" failures="0" timestamp="27 Feb 2019 10:15:51 GMT" time="1.361" errors="0">
  <testcase name="retrivedata" time="1.361" classname="ExcelFilter.FileInput2"/>
</testsuite> <!-- ExcelFilter.FileInput2 -->
