<?xml version="1.0" encoding="UTF-8"?>
<!-- Generated by org.testng.reporters.JUnitReportReporter -->
<testsuite skipped="0" hostname="PRASANNAAN" name="com.practiceAny.maven.RetriveData" tests="2" failures="0" timestamp="20 Feb 2019 12:17:12 GMT" time="1.919" errors="0">
  <testcase name="retrivedata" time="1.382" classname="com.practiceAny.maven.RetriveData"/>
  <testcase name="write" time="0.537" classname="com.practiceAny.maven.RetriveData"/>
</testsuite> <!-- com.practiceAny.maven.RetriveData -->
