<?xml version="1.0" encoding="UTF-8"?>
<!-- Generated by org.testng.reporters.JUnitReportReporter -->
<testsuite hostname="Prasannas-MacBook-Pro.local" failures="0" tests="1" name="com.practiceAny.maven.Filter2Files" time="1.858" errors="0" timestamp="10 Mar 2019 10:29:02 GMT" skipped="0">
  <testcase classname="com.practiceAny.maven.Filter2Files" name="eachFile" time="1.858"/>
</testsuite> <!-- com.practiceAny.maven.Filter2Files -->
