<?xml version="1.0" encoding="UTF-8"?>
<!-- Generated by org.testng.reporters.JUnitReportReporter -->
<testsuite hostname="Prasannas-MacBook-Pro.local" failures="0" tests="2" name="com.practiceAny.maven.RetriveData" time="9.927" errors="0" timestamp="20 Feb 2019 15:41:52 GMT" skipped="0">
  <testcase classname="com.practiceAny.maven.RetriveData" name="retrivedata" time="8.967"/>
  <testcase classname="com.practiceAny.maven.RetriveData" name="write" time="0.960"/>
</testsuite> <!-- com.practiceAny.maven.RetriveData -->
