<?xml version="1.0" encoding="UTF-8"?>
<!-- Generated by org.testng.reporters.JUnitReportReporter -->
<testsuite skipped="0" hostname="PRASANNAAN" name="ExcelFilter.Filter2Files" tests="1" failures="0" timestamp="27 Feb 2019 13:08:22 GMT" time="1.399" errors="0">
  <testcase name="eachFile" time="1.399" classname="ExcelFilter.Filter2Files"/>
</testsuite> <!-- ExcelFilter.Filter2Files -->
