<?xml version="1.0" encoding="UTF-8"?>
<!-- Generated by org.testng.reporters.JUnitReportReporter -->
<testsuite hostname="Prasannas-MacBook-Pro.local" failures="0" tests="3" name="com.practiceAny.maven.FileInput1" time="6.686" errors="0" timestamp="24 Feb 2019 10:56:24 GMT" skipped="0">
  <testcase classname="com.practiceAny.maven.FileInput1" name="fileInput" time="5.150"/>
  <testcase classname="com.practiceAny.maven.FileInput1" name="retrivedata" time="0.309"/>
  <testcase classname="com.practiceAny.maven.FileInput1" name="write" time="1.227"/>
</testsuite> <!-- com.practiceAny.maven.FileInput1 -->
