<?xml version="1.0" encoding="UTF-8"?>
<!-- Generated by org.testng.reporters.JUnitReportReporter -->
<testsuite skipped="0" hostname="PRASANNAAN" name="com.practiceAny.maven.FileInput1" tests="3" failures="0" timestamp="22 Feb 2019 07:35:04 GMT" time="1.665" errors="0">
  <testcase name="fileInput" time="1.525" classname="com.practiceAny.maven.FileInput1"/>
  <testcase name="retrivedata" time="0.032" classname="com.practiceAny.maven.FileInput1"/>
  <testcase name="write" time="0.108" classname="com.practiceAny.maven.FileInput1"/>
</testsuite> <!-- com.practiceAny.maven.FileInput1 -->
