<?xml version="1.0" encoding="UTF-8"?>
<!-- Generated by org.testng.reporters.JUnitReportReporter -->
<testsuite skipped="0" hostname="PRASANNAAN" name="ExcelFilter.FileInput1" tests="2" failures="0" timestamp="25 Feb 2019 08:02:02 GMT" time="2.025" errors="0">
  <testcase name="fileInput" time="1.950" classname="ExcelFilter.FileInput1"/>
  <testcase name="retrivedata" time="0.075" classname="ExcelFilter.FileInput1"/>
</testsuite> <!-- ExcelFilter.FileInput1 -->
