<?xml version="1.0" encoding="UTF-8"?>
<!-- Generated by org.testng.reporters.JUnitReportReporter -->
<testsuite skipped="0" hostname="PRASANNAAN" name="com.practiceAny.maven.Filter2Files" tests="1" failures="0" timestamp="06 Mar 2019 13:03:32 GMT" time="0.486" errors="0">
  <testcase name="eachFile" time="0.486" classname="com.practiceAny.maven.Filter2Files"/>
</testsuite> <!-- com.practiceAny.maven.Filter2Files -->
