<?xml version="1.0" encoding="UTF-8"?>
<!-- Generated by org.testng.reporters.JUnitReportReporter -->
<testsuite skipped="0" hostname="PRASANNAAN" name="com.practiceAny.maven.RetriveData" tests="1" failures="0" timestamp="19 Feb 2019 12:47:32 GMT" time="1.295" errors="0">
  <testcase name="retrivedata" time="1.295" classname="com.practiceAny.maven.RetriveData"/>
</testsuite> <!-- com.practiceAny.maven.RetriveData -->
