<?xml version="1.0" encoding="UTF-8"?>
<!-- Generated by org.testng.reporters.JUnitReportReporter -->
<testsuite skipped="0" hostname="PRASANNAAN" name="ExcelFilter.FileInput2" tests="2" failures="0" timestamp="25 Feb 2019 08:02:02 GMT" time="7.414" errors="0">
  <testcase name="fileInput" time="0.461" classname="ExcelFilter.FileInput2"/>
  <testcase name="retrivedata" time="6.953" classname="ExcelFilter.FileInput2"/>
</testsuite> <!-- ExcelFilter.FileInput2 -->
