<?xml version="1.0" encoding="UTF-8"?>
<!-- Generated by org.testng.reporters.JUnitReportReporter -->
<testsuite skipped="0" hostname="PRASANNAAN" name="test.Rest" tests="4" failures="0" timestamp="01 Feb 2019 09:30:21 GMT" time="7.996" errors="0">
  <testcase name="browser" time="0.815" classname="test.Rest"/>
  <testcase name="browser" time="3.988" classname="test.Rest"/>
  <testcase name="navigationbrowser" time="0.957" classname="test.Rest"/>
  <testcase name="navigationbrowser" time="2.236" classname="test.Rest"/>
</testsuite> <!-- test.Rest -->
