<?xml version="1.0" encoding="UTF-8"?>
<!-- Generated by org.testng.reporters.JUnitReportReporter -->
<testsuite skipped="0" hostname="PRASANNAAN" name="test.Rest" tests="4" failures="0" timestamp="31 Jan 2019 07:01:38 GMT" time="6.345" errors="0">
  <testcase name="browser" time="0.818" classname="test.Rest"/>
  <testcase name="browser" time="2.667" classname="test.Rest"/>
  <testcase name="navigationbrowser" time="2.222" classname="test.Rest"/>
  <testcase name="navigationbrowser" time="0.638" classname="test.Rest"/>
</testsuite> <!-- test.Rest -->
