<?xml version="1.0" encoding="UTF-8"?>
<!-- Generated by org.testng.reporters.JUnitReportReporter -->
<testsuite skipped="0" hostname="PRASANNAAN" name="test.Rest" tests="4" failures="0" timestamp="31 Jan 2019 07:09:39 GMT" time="5.846" errors="0">
  <testcase name="browser" time="2.592" classname="test.Rest"/>
  <testcase name="browser" time="0.688" classname="test.Rest"/>
  <testcase name="navigationbrowser" time="2.022" classname="test.Rest"/>
  <testcase name="navigationbrowser" time="0.544" classname="test.Rest"/>
</testsuite> <!-- test.Rest -->
