<?xml version="1.0" encoding="UTF-8"?>
<!-- Generated by org.testng.reporters.JUnitReportReporter -->
<testsuite skipped="0" hostname="PRASANNAAN" name="test.Rest" tests="4" failures="0" timestamp="31 Jan 2019 07:05:50 GMT" time="12.114" errors="0">
  <testcase name="browser" time="8.360" classname="test.Rest"/>
  <testcase name="browser" time="0.674" classname="test.Rest"/>
  <testcase name="navigationbrowser" time="0.580" classname="test.Rest"/>
  <testcase name="navigationbrowser" time="2.500" classname="test.Rest"/>
</testsuite> <!-- test.Rest -->
