<?xml version="1.0" encoding="UTF-8"?>
<!-- Generated by org.testng.reporters.JUnitReportReporter -->
<testsuite skipped="0" hostname="Prasannas-MacBook-Pro.local" name="test.Rest" tests="2" failures="0" timestamp="31 Jan 2019 19:06:53 GMT" time="9.665" errors="0">
  <testcase name="browser" time="6.501" classname="test.Rest"/>
  <testcase name="navigationbrowser" time="3.164" classname="test.Rest"/>
</testsuite> <!-- test.Rest -->
