<?xml version="1.0" encoding="UTF-8"?>
<!-- Generated by org.testng.reporters.JUnitReportReporter -->
<testsuite skipped="0" hostname="PRASANNAAN" name="test.Rest" tests="4" failures="0" timestamp="31 Jan 2019 07:08:03 GMT" time="6.114" errors="0">
  <testcase name="browser" time="2.652" classname="test.Rest"/>
  <testcase name="browser" time="0.673" classname="test.Rest"/>
  <testcase name="navigationbrowser" time="2.155" classname="test.Rest"/>
  <testcase name="navigationbrowser" time="0.634" classname="test.Rest"/>
</testsuite> <!-- test.Rest -->
