<?xml version="1.0" encoding="UTF-8"?>
<!-- Generated by org.testng.reporters.JUnitReportReporter -->
<testsuite skipped="0" hostname="PRASANNAAN" name="practice.Words" tests="2" failures="0" timestamp="13 Aug 2018 13:18:58 GMT" time="20.463" errors="0">
  <testcase name="wordseparately" time="19.782" classname="practice.Words"/>
  <testcase name="run" time="0.681" classname="practice.Words"/>
</testsuite> <!-- practice.Words -->
