<?xml version="1.0" encoding="UTF-8"?>
<!-- Generated by org.testng.reporters.JUnitReportReporter -->
<testsuite skipped="0" hostname="PRASANNAAN" name="ApachePOI.GettingDataLib" tests="1" failures="0" timestamp="16 Aug 2018 07:13:59 GMT" time="0.140" errors="0">
  <testcase name="f" time="0.140" classname="ApachePOI.GettingDataLib"/>
</testsuite> <!-- ApachePOI.GettingDataLib -->
