<?xml version="1.0" encoding="UTF-8"?>
<!-- Generated by org.testng.reporters.JUnitReportReporter -->
<testsuite skipped="1" hostname="PRASANNAAN" name="Testselenium.DataRetrive" tests="1" failures="0" timestamp="14 Aug 2018 05:44:57 GMT" time="0.000" errors="0">
  <testcase name="auto" time="0.000" classname="Testselenium.DataRetrive">
    <skipped/>
  </testcase> <!-- auto -->
</testsuite> <!-- Testselenium.DataRetrive -->
