<?xml version="1.0" encoding="UTF-8"?>
<!-- Generated by org.testng.reporters.JUnitReportReporter -->
<testsuite skipped="0" hostname="PRASANNAAN" name="Master.AdSearch" tests="2" failures="0" timestamp="20 Aug 2018 16:20:17 GMT" time="7.956" errors="0">
  <testcase name="f" time="7.257" classname="Master.AdSearch"/>
  <testcase name="alwaysrun" time="0.699" classname="Master.AdSearch"/>
</testsuite> <!-- Master.AdSearch -->
