<?xml version="1.0" encoding="UTF-8"?>
<!-- Generated by org.testng.reporters.JUnitReportReporter -->
<testsuite skipped="0" hostname="PRASANNAAN" name="practice.SelectDropDown" tests="1" failures="0" timestamp="14 Aug 2018 06:56:42 GMT" time="10.595" errors="0">
  <testcase name="f" time="10.595" classname="practice.SelectDropDown"/>
</testsuite> <!-- practice.SelectDropDown -->
