<?xml version="1.0" encoding="UTF-8"?>
<!-- Generated by org.testng.reporters.JUnitReportReporter -->
<testsuite skipped="0" hostname="PRASANNAAN" name="practice.FormatConversion" tests="1" failures="0" timestamp="10 Sep 2018 13:32:31 GMT" time="0.007" errors="0">
  <testcase name="conversion" time="0.007" classname="practice.FormatConversion"/>
</testsuite> <!-- practice.FormatConversion -->
