<?xml version="1.0" encoding="UTF-8"?>
<!-- Generated by org.testng.reporters.JUnitReportReporter -->
<testsuite skipped="0" hostname="PRASANNAAN" name="ApachePOI.Xls" tests="1" failures="0" timestamp="16 Aug 2018 06:12:21 GMT" time="0.197" errors="0">
  <testcase name="f" time="0.197" classname="ApachePOI.Xls"/>
</testsuite> <!-- ApachePOI.Xls -->
