<?xml version="1.0" encoding="UTF-8"?>
<!-- Generated by org.testng.reporters.JUnitReportReporter -->
<testsuite skipped="0" hostname="PRASANNAAN" name="practice.Ttttt" tests="2" failures="0" timestamp="10 Sep 2018 10:03:31 GMT" time="0.004" errors="0">
  <testcase name="t" time="0.003" classname="practice.Ttttt"/>
  <testcase name="t1" time="0.001" classname="practice.Ttttt"/>
</testsuite> <!-- practice.Ttttt -->
