<?xml version="1.0" encoding="UTF-8"?>
<!-- Generated by org.testng.reporters.JUnitReportReporter -->
<testsuite skipped="0" hostname="PRASANNAAN" name="practice.firefoxword" tests="1" failures="0" timestamp="13 Aug 2018 13:18:58 GMT" time="11.206" errors="0">
  <testcase name="wordseparately" time="11.206" classname="practice.firefoxword"/>
</testsuite> <!-- practice.firefoxword -->
