<?xml version="1.0" encoding="UTF-8"?>
<!-- Generated by org.testng.reporters.JUnitReportReporter -->
<testsuite skipped="0" hostname="Prasannas-MacBook-Pro.local" name="AnyPractice.Testng" tests="1" failures="0" timestamp="04 Sep 2018 03:04:50 GMT" time="0.010" errors="0">
  <testcase name="f" time="0.010" classname="AnyPractice.Testng"/>
</testsuite> <!-- AnyPractice.Testng -->
