<?xml version="1.0" encoding="UTF-8"?>
<!-- Generated by org.testng.reporters.JUnitReportReporter -->
<testsuite skipped="0" hostname="Prasannas-MacBook-Pro.local" name="AnyPractice.Testng1" tests="5" failures="0" timestamp="04 Sep 2018 03:08:49 GMT" time="0.025" errors="0">
  <testcase name="Z1" time="0.002" classname="AnyPractice.Testng1"/>
  <testcase name="f" time="0.002" classname="AnyPractice.Testng1"/>
  <testcase name="Test" time="0.018" classname="AnyPractice.Testng1"/>
  <testcase name="Z" time="0.002" classname="AnyPractice.Testng1"/>
  <testcase name="z1" time="0.001" classname="AnyPractice.Testng1"/>
</testsuite> <!-- AnyPractice.Testng1 -->
